Epoch:0
Train Loss: 0.0067686523651254585, Accuracy: 0.7813026819923372
Validation Loss: 0.003651033529817935, Accuracy: 0.8532046864231564
Epoch:1
Train Loss: 0.003267484040095888, Accuracy: 0.8596168582375479
Validation Loss: 0.0035467324053148497, Accuracy: 0.8532046864231564
Epoch:2
Train Loss: 0.0032171741025201206, Accuracy: 0.8596168582375479
Validation Loss: 0.0035267970341801395, Accuracy: 0.8532046864231564
Epoch:3
Train Loss: 0.0032006090262840536, Accuracy: 0.8596168582375479
Validation Loss: 0.0035070415860944414, Accuracy: 0.8532046864231564
Epoch:4
Train Loss: 0.0031932599973861285, Accuracy: 0.8596168582375479
Validation Loss: 0.0035007115810349594, Accuracy: 0.8532046864231564
Testing Loss: 0.010349283851358575, Accuracy: 0.33470474346563406
Epoch:0
Train Loss: 0.003062555888146733, Accuracy: 0.8665900383141762
Validation Loss: 0.0029866996713542346, Accuracy: 0.8862853204686423
Epoch:1
Train Loss: 0.0028383168669496002, Accuracy: 0.881072796934866
Validation Loss: 0.0028398090563996918, Accuracy: 0.8849069607167471
Epoch:2
Train Loss: 0.002586734526687198, Accuracy: 0.89272030651341
Validation Loss: 0.002820771842229621, Accuracy: 0.8862853204686423
Epoch:3
Train Loss: 0.0026977204031871198, Accuracy: 0.8873563218390804
Validation Loss: 0.002870860611628369, Accuracy: 0.8835286009648519
Epoch:4
Train Loss: 0.0026425419856305325, Accuracy: 0.8906513409961686
Validation Loss: 0.0028313981673374084, Accuracy: 0.8876636802205375
Testing Loss: 0.007565420975643575, Accuracy: 0.6568247821878025
Epoch:0
Train Loss: 0.0031258707393631625, Accuracy: 0.8625287356321839
Validation Loss: 0.002719818950110185, Accuracy: 0.8966230186078566
Epoch:1
Train Loss: 0.0026003803227139617, Accuracy: 0.8898850574712643
Validation Loss: 0.0026235036361965123, Accuracy: 0.895933838731909
Epoch:2
Train Loss: 0.0025299151441603327, Accuracy: 0.8929501915708812
Validation Loss: 0.0025270850513821057, Accuracy: 0.8973121984838043
Epoch:3
Train Loss: 0.0024363404192686996, Accuracy: 0.8951724137931034
Validation Loss: 0.0025345203919216815, Accuracy: 0.8993797381116472
Epoch:4
Train Loss: 0.002372077528772683, Accuracy: 0.8986973180076628
Validation Loss: 0.0024456943030360646, Accuracy: 0.9048931771192281
Testing Loss: 0.012316011923788131, Accuracy: 0.2456437560503388
Epoch:0
Train Loss: 0.002406428982699968, Accuracy: 0.8996168582375479
Validation Loss: 0.0026713599528549953, Accuracy: 0.8855961405926946
Epoch:1
Train Loss: 0.0023496038977670487, Accuracy: 0.8994636015325671
Validation Loss: 0.0026302664527229243, Accuracy: 0.8828394210889042
Epoch:2
Train Loss: 0.0024032589279372116, Accuracy: 0.9013026819923372
Validation Loss: 0.002748583654631096, Accuracy: 0.8849069607167471
Epoch:3
Train Loss: 0.002412613511542251, Accuracy: 0.8996168582375479
Validation Loss: 0.0027477653436542462, Accuracy: 0.8869745003445899
Epoch:4
Train Loss: 0.0024495256152646293, Accuracy: 0.8952490421455939
Validation Loss: 0.0025961191427452987, Accuracy: 0.8883528600964852
Testing Loss: 0.011090291954310104, Accuracy: 0.2451597289448209
Epoch:0
Train Loss: 0.0024564773483751376, Accuracy: 0.8962452107279694
Validation Loss: 0.002297682989309115, Accuracy: 0.9042039972432805
Epoch:1
Train Loss: 0.0024055112264622217, Accuracy: 0.8967049808429118
Validation Loss: 0.0023534893373388164, Accuracy: 0.9042039972432805
Epoch:2
Train Loss: 0.002430379832613057, Accuracy: 0.8950191570881226
Validation Loss: 0.0026008466311276657, Accuracy: 0.8869745003445899
Epoch:3
Train Loss: 0.002436800054435072, Accuracy: 0.8921072796934866
Validation Loss: 0.002312898471550971, Accuracy: 0.906960716747071
Epoch:4
Train Loss: 0.0022548241930446405, Accuracy: 0.8980842911877395
Validation Loss: 0.002305287346603294, Accuracy: 0.9007580978635424
Testing Loss: 0.017254265384083218, Accuracy: 0.2388673765730881
Epoch:0
Train Loss: 0.002300949105814499, Accuracy: 0.8973946360153257
Validation Loss: 0.002226003279446077, Accuracy: 0.8993797381116472
Epoch:1
Train Loss: 0.002164464162455665, Accuracy: 0.8971647509578544
Validation Loss: 0.0022922014980625073, Accuracy: 0.8986905582356995
Epoch:2
Train Loss: 0.0022037570572447504, Accuracy: 0.896551724137931
Validation Loss: 0.002422435110310371, Accuracy: 0.8973121984838043
Epoch:3
Train Loss: 0.0023029000731720323, Accuracy: 0.8951724137931034
Validation Loss: 0.0026507158985144513, Accuracy: 0.8931771192281185
Epoch:4
Train Loss: 0.0023087200054263705, Accuracy: 0.8952490421455939
Validation Loss: 0.002477569129448936, Accuracy: 0.8986905582356995
Testing Loss: 0.009442777573946947, Accuracy: 0.3659244917715392
Epoch:0
Train Loss: 0.0022174147787678744, Accuracy: 0.8947892720306514
Validation Loss: 0.002429362496863062, Accuracy: 0.8911095796002757
Epoch:1
Train Loss: 0.0021026614376868326, Accuracy: 0.8982375478927203
Validation Loss: 0.0020298102676745205, Accuracy: 0.8973121984838043
Epoch:2
Train Loss: 0.0020584609293846333, Accuracy: 0.8988505747126436
Validation Loss: 0.002076829623798105, Accuracy: 0.8952446588559614
Epoch:3
Train Loss: 0.0021454438532906017, Accuracy: 0.8980842911877395
Validation Loss: 0.002162317688263013, Accuracy: 0.8986905582356995
Epoch:4
Train Loss: 0.002008977163568767, Accuracy: 0.899080459770115
Validation Loss: 0.0023677791401404994, Accuracy: 0.8897312198483804
Testing Loss: 0.014282314714480692, Accuracy: 0.23850435624394967
Epoch:0
Train Loss: 0.0021534665574059176, Accuracy: 0.8978544061302682
Validation Loss: 0.0021205975177943665, Accuracy: 0.8952446588559614
Epoch:1
Train Loss: 0.0021679979608433455, Accuracy: 0.8979310344827586
Validation Loss: 0.0023785949595462527, Accuracy: 0.8952446588559614
Epoch:2
Train Loss: 0.002080502779547739, Accuracy: 0.8997701149425288
Validation Loss: 0.0021416185684322406, Accuracy: 0.8980013783597519
Epoch:3
Train Loss: 0.002023519983236817, Accuracy: 0.901455938697318
Validation Loss: 0.002432400536570033, Accuracy: 0.90144727773949
Epoch:4
Train Loss: 0.002087237800674877, Accuracy: 0.8977777777777778
Validation Loss: 0.0021173798117778944, Accuracy: 0.895933838731909
Testing Loss: 0.012784495387165036, Accuracy: 0.24794288480154889
Epoch:0
Train Loss: 0.0020372766439028626, Accuracy: 0.8966283524904215
Validation Loss: 0.00225256605241974, Accuracy: 0.8904203997243281
Epoch:1
Train Loss: 0.0019634935910674348, Accuracy: 0.8986973180076628
Validation Loss: 0.0021091005684670543, Accuracy: 0.8973121984838043
Epoch:2
Train Loss: 0.0019401670963828134, Accuracy: 0.9016858237547892
Validation Loss: 0.002140081243051651, Accuracy: 0.8911095796002757
Epoch:3
Train Loss: 0.0018998604213597674, Accuracy: 0.901455938697318
Validation Loss: 0.0021449027083644697, Accuracy: 0.8952446588559614
Epoch:4
Train Loss: 0.0019740257980266295, Accuracy: 0.9016091954022989
Validation Loss: 0.0022476783893915146, Accuracy: 0.8911095796002757
Testing Loss: 0.020670888903988067, Accuracy: 0.2239835430784124
Epoch:0
Train Loss: 0.001997311444118105, Accuracy: 0.898007662835249
Validation Loss: 0.002156781675813939, Accuracy: 0.8904203997243281
Epoch:1
Train Loss: 0.0018565315019581966, Accuracy: 0.9025287356321839
Validation Loss: 0.0019919690923145277, Accuracy: 0.8911095796002757
Epoch:2
Train Loss: 0.0019696880174779343, Accuracy: 0.8976245210727969
Validation Loss: 0.0023432005322612127, Accuracy: 0.8766368022053757
Epoch:3
Train Loss: 0.0019407957826537646, Accuracy: 0.8980842911877395
Validation Loss: 0.0020894901936092023, Accuracy: 0.8883528600964852
Epoch:4
Train Loss: 0.0018318152735973226, Accuracy: 0.9024521072796935
Validation Loss: 0.0021552429640399923, Accuracy: 0.8897312198483804
Testing Loss: 0.01869976292621247, Accuracy: 0.2346321393998064
Testing Loss: 0.01869976292621247, Accuracy: 0.2346321393998064
{'train': {'loss': [0.0067686523651254585, 0.003267484040095888, 0.0032171741025201206, 0.0032006090262840536, 0.0031932599973861285, 0.003062555888146733, 0.0028383168669496002, 0.002586734526687198, 0.0026977204031871198, 0.0026425419856305325, 0.0031258707393631625, 0.0026003803227139617, 0.0025299151441603327, 0.0024363404192686996, 0.002372077528772683, 0.002406428982699968, 0.0023496038977670487, 0.0024032589279372116, 0.002412613511542251, 0.0024495256152646293, 0.0024564773483751376, 0.0024055112264622217, 0.002430379832613057, 0.002436800054435072, 0.0022548241930446405, 0.002300949105814499, 0.002164464162455665, 0.0022037570572447504, 0.0023029000731720323, 0.0023087200054263705, 0.0022174147787678744, 0.0021026614376868326, 0.0020584609293846333, 0.0021454438532906017, 0.002008977163568767, 0.0021534665574059176, 0.0021679979608433455, 0.002080502779547739, 0.002023519983236817, 0.002087237800674877, 0.0020372766439028626, 0.0019634935910674348, 0.0019401670963828134, 0.0018998604213597674, 0.0019740257980266295, 0.001997311444118105, 0.0018565315019581966, 0.0019696880174779343, 0.0019407957826537646, 0.0018318152735973226], 'acc': [0.7813026819923372, 0.8596168582375479, 0.8596168582375479, 0.8596168582375479, 0.8596168582375479, 0.8665900383141762, 0.881072796934866, 0.89272030651341, 0.8873563218390804, 0.8906513409961686, 0.8625287356321839, 0.8898850574712643, 0.8929501915708812, 0.8951724137931034, 0.8986973180076628, 0.8996168582375479, 0.8994636015325671, 0.9013026819923372, 0.8996168582375479, 0.8952490421455939, 0.8962452107279694, 0.8967049808429118, 0.8950191570881226, 0.8921072796934866, 0.8980842911877395, 0.8973946360153257, 0.8971647509578544, 0.896551724137931, 0.8951724137931034, 0.8952490421455939, 0.8947892720306514, 0.8982375478927203, 0.8988505747126436, 0.8980842911877395, 0.899080459770115, 0.8978544061302682, 0.8979310344827586, 0.8997701149425288, 0.901455938697318, 0.8977777777777778, 0.8966283524904215, 0.8986973180076628, 0.9016858237547892, 0.901455938697318, 0.9016091954022989, 0.898007662835249, 0.9025287356321839, 0.8976245210727969, 0.8980842911877395, 0.9024521072796935]}, 'val': {'loss': [0.003651033529817935, 0.0035467324053148497, 0.0035267970341801395, 0.0035070415860944414, 0.0035007115810349594, 0.0029866996713542346, 0.0028398090563996918, 0.002820771842229621, 0.002870860611628369, 0.0028313981673374084, 0.002719818950110185, 0.0026235036361965123, 0.0025270850513821057, 0.0025345203919216815, 0.0024456943030360646, 0.0026713599528549953, 0.0026302664527229243, 0.002748583654631096, 0.0027477653436542462, 0.0025961191427452987, 0.002297682989309115, 0.0023534893373388164, 0.0026008466311276657, 0.002312898471550971, 0.002305287346603294, 0.002226003279446077, 0.0022922014980625073, 0.002422435110310371, 0.0026507158985144513, 0.002477569129448936, 0.002429362496863062, 0.0020298102676745205, 0.002076829623798105, 0.002162317688263013, 0.0023677791401404994, 0.0021205975177943665, 0.0023785949595462527, 0.0021416185684322406, 0.002432400536570033, 0.0021173798117778944, 0.00225256605241974, 0.0021091005684670543, 0.002140081243051651, 0.0021449027083644697, 0.0022476783893915146, 0.002156781675813939, 0.0019919690923145277, 0.0023432005322612127, 0.0020894901936092023, 0.0021552429640399923], 'acc': [0.8532046864231564, 0.8532046864231564, 0.8532046864231564, 0.8532046864231564, 0.8532046864231564, 0.8862853204686423, 0.8849069607167471, 0.8862853204686423, 0.8835286009648519, 0.8876636802205375, 0.8966230186078566, 0.895933838731909, 0.8973121984838043, 0.8993797381116472, 0.9048931771192281, 0.8855961405926946, 0.8828394210889042, 0.8849069607167471, 0.8869745003445899, 0.8883528600964852, 0.9042039972432805, 0.9042039972432805, 0.8869745003445899, 0.906960716747071, 0.9007580978635424, 0.8993797381116472, 0.8986905582356995, 0.8973121984838043, 0.8931771192281185, 0.8986905582356995, 0.8911095796002757, 0.8973121984838043, 0.8952446588559614, 0.8986905582356995, 0.8897312198483804, 0.8952446588559614, 0.8952446588559614, 0.8980013783597519, 0.90144727773949, 0.895933838731909, 0.8904203997243281, 0.8973121984838043, 0.8911095796002757, 0.8952446588559614, 0.8911095796002757, 0.8904203997243281, 0.8911095796002757, 0.8766368022053757, 0.8883528600964852, 0.8897312198483804]}, 'test': {'loss': [0.010349283851358575, 0.007565420975643575, 0.012316011923788131, 0.011090291954310104, 0.017254265384083218, 0.009442777573946947, 0.014282314714480692, 0.012784495387165036, 0.020670888903988067, 0.01869976292621247, 0.01869976292621247], 'acc': [0.33470474346563406, 0.6568247821878025, 0.2456437560503388, 0.2451597289448209, 0.2388673765730881, 0.3659244917715392, 0.23850435624394967, 0.24794288480154889, 0.2239835430784124, 0.2346321393998064, 0.2346321393998064]}}
