Testing Loss: 0.010349283851358575, Accuracy: 0.33470474346563406
Epoch:0
Train Loss: 0.0031238060915607145, Accuracy: 0.8611494252873563
Validation Loss: 0.0030181091419998157, Accuracy: 0.8676774638180565
Epoch:1
Train Loss: 0.002708320572001724, Accuracy: 0.8851340996168582
Validation Loss: 0.0025495389549589254, Accuracy: 0.9035148173673329
Epoch:2
Train Loss: 0.0025876508419084366, Accuracy: 0.891264367816092
Validation Loss: 0.0024945625019927916, Accuracy: 0.9021364576154376
Epoch:3
Train Loss: 0.00259386306293166, Accuracy: 0.8903448275862069
Validation Loss: 0.0028922224274838407, Accuracy: 0.8807718814610613
Epoch:4
Train Loss: 0.002524599643045915, Accuracy: 0.8937164750957854
Validation Loss: 0.002550725533089746, Accuracy: 0.8980013783597519
Testing Loss: 0.007565420975643575, Accuracy: 0.6568247821878025
Epoch:0
Train Loss: 0.0031832575992149412, Accuracy: 0.8578544061302682
Validation Loss: 0.002712249488850284, Accuracy: 0.8904203997243281
Epoch:1
Train Loss: 0.00262154220735433, Accuracy: 0.8869731800766284
Validation Loss: 0.0024874466789089177, Accuracy: 0.90144727773949
Epoch:2
Train Loss: 0.0024858063173933504, Accuracy: 0.8944827586206896
Validation Loss: 0.0024713531886192126, Accuracy: 0.8986905582356995
Epoch:3
Train Loss: 0.0024547617280163527, Accuracy: 0.8960919540229885
Validation Loss: 0.00259342634579299, Accuracy: 0.8945554789800138
Epoch:4
Train Loss: 0.002423212026955981, Accuracy: 0.8948659003831417
Validation Loss: 0.0022365988368909166, Accuracy: 0.9076498966230186
Testing Loss: 0.012316011923788131, Accuracy: 0.2456437560503388
Epoch:0
Train Loss: 0.002469308585271068, Accuracy: 0.8962452107279694
Validation Loss: 0.002640364880318645, Accuracy: 0.8931771192281185
Epoch:1
Train Loss: 0.0023760206706222448, Accuracy: 0.8989272030651341
Validation Loss: 0.0027005762724445904, Accuracy: 0.8890420399724328
Epoch:2
Train Loss: 0.002407069464296217, Accuracy: 0.8993103448275862
Validation Loss: 0.0026171382421628924, Accuracy: 0.895933838731909
Epoch:3
Train Loss: 0.0023890972011847513, Accuracy: 0.9008429118773946
Validation Loss: 0.002629682688693356, Accuracy: 0.8952446588559614
Epoch:4
Train Loss: 0.002385405051982266, Accuracy: 0.8980842911877395
Validation Loss: 0.0026683360440906863, Accuracy: 0.8945554789800138
Testing Loss: 0.011090291954310104, Accuracy: 0.2451597289448209
Epoch:0
Train Loss: 0.0025254830101440694, Accuracy: 0.8926436781609195
Validation Loss: 0.0021889904689821682, Accuracy: 0.9145416953824949
Epoch:1
Train Loss: 0.0024447309160141196, Accuracy: 0.8951724137931034
Validation Loss: 0.0022724680782268162, Accuracy: 0.9048931771192281
Epoch:2
Train Loss: 0.002431991748882893, Accuracy: 0.8946360153256705
Validation Loss: 0.00202385268894908, Accuracy: 0.9145416953824949
Epoch:3
Train Loss: 0.002286814194301079, Accuracy: 0.8963218390804598
Validation Loss: 0.0020094647757108257, Accuracy: 0.9166092350103378
Epoch:4
Train Loss: 0.0024074677820406652, Accuracy: 0.8955555555555555
Validation Loss: 0.0022646570867049455, Accuracy: 0.9090282563749138
Testing Loss: 0.017254265384083218, Accuracy: 0.2388673765730881
Epoch:0
Train Loss: 0.002424525239458486, Accuracy: 0.8923371647509578
Validation Loss: 0.002363590897156566, Accuracy: 0.895933838731909
Epoch:1
Train Loss: 0.002227890084986486, Accuracy: 0.8947892720306514
Validation Loss: 0.0022218612906523692, Accuracy: 0.8945554789800138
Epoch:2
Train Loss: 0.0021607453190503906, Accuracy: 0.8973180076628352
Validation Loss: 0.002120737327862246, Accuracy: 0.8986905582356995
Epoch:3
Train Loss: 0.0020547170440355935, Accuracy: 0.8973180076628352
Validation Loss: 0.0021599939492223676, Accuracy: 0.8966230186078566
Epoch:4
Train Loss: 0.002169040199440558, Accuracy: 0.8937164750957854
Validation Loss: 0.002358467578066373, Accuracy: 0.8938662991040661
Testing Loss: 0.009442777573946947, Accuracy: 0.3659244917715392
Epoch:0
Train Loss: 0.0022712131192857733, Accuracy: 0.8908812260536398
Validation Loss: 0.0023602330627152217, Accuracy: 0.8869745003445899
Epoch:1
Train Loss: 0.002083048833055971, Accuracy: 0.8962452107279694
Validation Loss: 0.0022003704991363643, Accuracy: 0.8917987594762233
Epoch:2
Train Loss: 0.0019679428391529683, Accuracy: 0.901455938697318
Validation Loss: 0.002400136441711226, Accuracy: 0.8869745003445899
Epoch:3
Train Loss: 0.0020492254682884362, Accuracy: 0.8991570881226054
Validation Loss: 0.0021607479828953495, Accuracy: 0.8931771192281185
Epoch:4
Train Loss: 0.002008623430555351, Accuracy: 0.8993103448275862
Validation Loss: 0.002170227093174078, Accuracy: 0.8917987594762233
Testing Loss: 0.014282314714480692, Accuracy: 0.23850435624394967
Epoch:0
Train Loss: 0.0021307269777831447, Accuracy: 0.8971647509578544
Validation Loss: 0.0024773558302635494, Accuracy: 0.8793935217091661
Epoch:1
Train Loss: 0.00202827431918104, Accuracy: 0.901455938697318
Validation Loss: 0.002561955411708577, Accuracy: 0.881461061337009
Epoch:2
Train Loss: 0.001994600491277103, Accuracy: 0.9011494252873563
Validation Loss: 0.0026210334632086147, Accuracy: 0.8780151619572708
Epoch:3
Train Loss: 0.0019954330402772546, Accuracy: 0.9001532567049808
Validation Loss: 0.0025632870784716142, Accuracy: 0.8793935217091661
Epoch:4
Train Loss: 0.001906711183973656, Accuracy: 0.9006130268199234
Validation Loss: 0.002428796006267766, Accuracy: 0.875947622329428
Testing Loss: 0.012784495387165036, Accuracy: 0.24794288480154889
Epoch:0
Train Loss: 0.0020040750081055008, Accuracy: 0.8966283524904215
Validation Loss: 0.002131253953311954, Accuracy: 0.8855961405926946
Epoch:1
Train Loss: 0.0019827671486070788, Accuracy: 0.8982375478927203
Validation Loss: 0.0020989801588344376, Accuracy: 0.8911095796002757
Epoch:2
Train Loss: 0.001991944474621294, Accuracy: 0.8991570881226054
Validation Loss: 0.0020816509299324266, Accuracy: 0.8931771192281185
Epoch:3
Train Loss: 0.0019667187835521625, Accuracy: 0.9
Validation Loss: 0.002057619505837241, Accuracy: 0.8890420399724328
Epoch:4
Train Loss: 0.0019275760308079335, Accuracy: 0.8993103448275862
Validation Loss: 0.0021709744618893657, Accuracy: 0.892487939352171
Testing Loss: 0.020670888903988067, Accuracy: 0.2239835430784124
Epoch:0
Train Loss: 0.00204734422237937, Accuracy: 0.8976245210727969
Validation Loss: 0.0022177174841429264, Accuracy: 0.9097174362508614
Epoch:1
Train Loss: 0.001955564951531275, Accuracy: 0.8963984674329502
Validation Loss: 0.0018272083701962524, Accuracy: 0.9172984148862853
Epoch:2
Train Loss: 0.001905406294426242, Accuracy: 0.8979310344827586
Validation Loss: 0.0017832382065439782, Accuracy: 0.9166092350103378
Epoch:3
Train Loss: 0.0019635925050896248, Accuracy: 0.8967049808429118
Validation Loss: 0.001956853576564197, Accuracy: 0.9131633356305996
Epoch:4
Train Loss: 0.002036539936202696, Accuracy: 0.8951724137931034
Validation Loss: 0.0021225993568366516, Accuracy: 0.9083390764989663
Testing Loss: 0.01869976292621247, Accuracy: 0.2346321393998064
Testing Loss: 0.01869976292621247, Accuracy: 0.2346321393998064
{'train': {'loss': [0.0031238060915607145, 0.002708320572001724, 0.0025876508419084366, 0.00259386306293166, 0.002524599643045915, 0.0031832575992149412, 0.00262154220735433, 0.0024858063173933504, 0.0024547617280163527, 0.002423212026955981, 0.002469308585271068, 0.0023760206706222448, 0.002407069464296217, 0.0023890972011847513, 0.002385405051982266, 0.0025254830101440694, 0.0024447309160141196, 0.002431991748882893, 0.002286814194301079, 0.0024074677820406652, 0.002424525239458486, 0.002227890084986486, 0.0021607453190503906, 0.0020547170440355935, 0.002169040199440558, 0.0022712131192857733, 0.002083048833055971, 0.0019679428391529683, 0.0020492254682884362, 0.002008623430555351, 0.0021307269777831447, 0.00202827431918104, 0.001994600491277103, 0.0019954330402772546, 0.001906711183973656, 0.0020040750081055008, 0.0019827671486070788, 0.001991944474621294, 0.0019667187835521625, 0.0019275760308079335, 0.00204734422237937, 0.001955564951531275, 0.001905406294426242, 0.0019635925050896248, 0.002036539936202696], 'acc': [0.8611494252873563, 0.8851340996168582, 0.891264367816092, 0.8903448275862069, 0.8937164750957854, 0.8578544061302682, 0.8869731800766284, 0.8944827586206896, 0.8960919540229885, 0.8948659003831417, 0.8962452107279694, 0.8989272030651341, 0.8993103448275862, 0.9008429118773946, 0.8980842911877395, 0.8926436781609195, 0.8951724137931034, 0.8946360153256705, 0.8963218390804598, 0.8955555555555555, 0.8923371647509578, 0.8947892720306514, 0.8973180076628352, 0.8973180076628352, 0.8937164750957854, 0.8908812260536398, 0.8962452107279694, 0.901455938697318, 0.8991570881226054, 0.8993103448275862, 0.8971647509578544, 0.901455938697318, 0.9011494252873563, 0.9001532567049808, 0.9006130268199234, 0.8966283524904215, 0.8982375478927203, 0.8991570881226054, 0.9, 0.8993103448275862, 0.8976245210727969, 0.8963984674329502, 0.8979310344827586, 0.8967049808429118, 0.8951724137931034]}, 'val': {'loss': [0.0030181091419998157, 0.0025495389549589254, 0.0024945625019927916, 0.0028922224274838407, 0.002550725533089746, 0.002712249488850284, 0.0024874466789089177, 0.0024713531886192126, 0.00259342634579299, 0.0022365988368909166, 0.002640364880318645, 0.0027005762724445904, 0.0026171382421628924, 0.002629682688693356, 0.0026683360440906863, 0.0021889904689821682, 0.0022724680782268162, 0.00202385268894908, 0.0020094647757108257, 0.0022646570867049455, 0.002363590897156566, 0.0022218612906523692, 0.002120737327862246, 0.0021599939492223676, 0.002358467578066373, 0.0023602330627152217, 0.0022003704991363643, 0.002400136441711226, 0.0021607479828953495, 0.002170227093174078, 0.0024773558302635494, 0.002561955411708577, 0.0026210334632086147, 0.0025632870784716142, 0.002428796006267766, 0.002131253953311954, 0.0020989801588344376, 0.0020816509299324266, 0.002057619505837241, 0.0021709744618893657, 0.0022177174841429264, 0.0018272083701962524, 0.0017832382065439782, 0.001956853576564197, 0.0021225993568366516], 'acc': [0.8676774638180565, 0.9035148173673329, 0.9021364576154376, 0.8807718814610613, 0.8980013783597519, 0.8904203997243281, 0.90144727773949, 0.8986905582356995, 0.8945554789800138, 0.9076498966230186, 0.8931771192281185, 0.8890420399724328, 0.895933838731909, 0.8952446588559614, 0.8945554789800138, 0.9145416953824949, 0.9048931771192281, 0.9145416953824949, 0.9166092350103378, 0.9090282563749138, 0.895933838731909, 0.8945554789800138, 0.8986905582356995, 0.8966230186078566, 0.8938662991040661, 0.8869745003445899, 0.8917987594762233, 0.8869745003445899, 0.8931771192281185, 0.8917987594762233, 0.8793935217091661, 0.881461061337009, 0.8780151619572708, 0.8793935217091661, 0.875947622329428, 0.8855961405926946, 0.8911095796002757, 0.8931771192281185, 0.8890420399724328, 0.892487939352171, 0.9097174362508614, 0.9172984148862853, 0.9166092350103378, 0.9131633356305996, 0.9083390764989663]}, 'test': {'loss': [0.010349283851358575, 0.007565420975643575, 0.012316011923788131, 0.011090291954310104, 0.017254265384083218, 0.009442777573946947, 0.014282314714480692, 0.012784495387165036, 0.020670888903988067, 0.01869976292621247, 0.01869976292621247], 'acc': [0.33470474346563406, 0.6568247821878025, 0.2456437560503388, 0.2451597289448209, 0.2388673765730881, 0.3659244917715392, 0.23850435624394967, 0.24794288480154889, 0.2239835430784124, 0.2346321393998064, 0.2346321393998064]}}
