Epoch:0
Train Loss: 0.006770774521133452, Accuracy: 0.7802298850574713
Validation Loss: 0.003480308718060231, Accuracy: 0.8635423845623708
Epoch:1
Train Loss: 0.0032818610549429825, Accuracy: 0.8584674329501916
Validation Loss: 0.0033811241039155187, Accuracy: 0.8635423845623708
Epoch:2
Train Loss: 0.003232225487972128, Accuracy: 0.8584674329501916
Validation Loss: 0.003400748471076697, Accuracy: 0.8635423845623708
Epoch:3
Train Loss: 0.0032194154335621217, Accuracy: 0.8584674329501916
Validation Loss: 0.003344777255202884, Accuracy: 0.8635423845623708
Epoch:4
Train Loss: 0.0032106521577213915, Accuracy: 0.8584674329501916
Validation Loss: 0.003338533401653571, Accuracy: 0.8635423845623708
Testing Loss: 0.010349283851358575, Accuracy: 0.33470474346563406
Epoch:0
Train Loss: 0.003077891571768399, Accuracy: 0.8638314176245211
Validation Loss: 0.003244004789341901, Accuracy: 0.8676774638180565
Epoch:1
Train Loss: 0.002758486412494119, Accuracy: 0.8853639846743295
Validation Loss: 0.003082576617957969, Accuracy: 0.8766368022053757
Epoch:2
Train Loss: 0.0026228918163712454, Accuracy: 0.8904980842911877
Validation Loss: 0.003013717335392737, Accuracy: 0.8766368022053757
Epoch:3
Train Loss: 0.0026978740038999653, Accuracy: 0.8842145593869731
Validation Loss: 0.0030738134001305315, Accuracy: 0.8731909028256375
Epoch:4
Train Loss: 0.0025950131984962812, Accuracy: 0.8905747126436782
Validation Loss: 0.002948110100320912, Accuracy: 0.8800827015851137
Testing Loss: 0.007565420975643575, Accuracy: 0.6568247821878025
Epoch:0
Train Loss: 0.0031401816181752876, Accuracy: 0.8606130268199234
Validation Loss: 0.003174927997063309, Accuracy: 0.8683666436940042
Epoch:1
Train Loss: 0.0025855466506490305, Accuracy: 0.8899616858237548
Validation Loss: 0.003270000250153834, Accuracy: 0.8697450034458993
Epoch:2
Train Loss: 0.0024616280152423174, Accuracy: 0.8963218390804598
Validation Loss: 0.002889900526698091, Accuracy: 0.8828394210889042
Epoch:3
Train Loss: 0.0023975691598950677, Accuracy: 0.8996168582375479
Validation Loss: 0.0029402756633469355, Accuracy: 0.8793935217091661
Epoch:4
Train Loss: 0.0023861984503223523, Accuracy: 0.8996934865900383
Validation Loss: 0.0028538344483142225, Accuracy: 0.8869745003445899
Testing Loss: 0.012316011923788131, Accuracy: 0.2456437560503388
Epoch:0
Train Loss: 0.0023641821593617116, Accuracy: 0.8999233716475096
Validation Loss: 0.0027109008772795485, Accuracy: 0.8835286009648519
Epoch:1
Train Loss: 0.002253836345398563, Accuracy: 0.8993869731800767
Validation Loss: 0.0025009611591974017, Accuracy: 0.892487939352171
Epoch:2
Train Loss: 0.0023721947877799873, Accuracy: 0.8972413793103449
Validation Loss: 0.0024880405276664613, Accuracy: 0.8966230186078566
Epoch:3
Train Loss: 0.002234869720378598, Accuracy: 0.898007662835249
Validation Loss: 0.002341196875503193, Accuracy: 0.8931771192281185
Epoch:4
Train Loss: 0.002215391547058734, Accuracy: 0.8971647509578544
Validation Loss: 0.0024647269369732668, Accuracy: 0.8807718814610613
Testing Loss: 0.011090291954310104, Accuracy: 0.2451597289448209
Epoch:0
Train Loss: 0.002418335564291797, Accuracy: 0.8967816091954023
Validation Loss: 0.002595224960108283, Accuracy: 0.8911095796002757
Epoch:1
Train Loss: 0.0024184282860536684, Accuracy: 0.8967816091954023
Validation Loss: 0.0025964753842205937, Accuracy: 0.8890420399724328
Epoch:2
Train Loss: 0.002347004893182338, Accuracy: 0.8977011494252873
Validation Loss: 0.0025550912036146484, Accuracy: 0.8945554789800138
Epoch:3
Train Loss: 0.002370956779896528, Accuracy: 0.8993869731800767
Validation Loss: 0.00263577459353073, Accuracy: 0.8855961405926946
Epoch:4
Train Loss: 0.002335986966602647, Accuracy: 0.8978544061302682
Validation Loss: 0.002453762516738792, Accuracy: 0.8938662991040661
Testing Loss: 0.017254265384083218, Accuracy: 0.2388673765730881
Epoch:0
Train Loss: 0.0022196553127975757, Accuracy: 0.8992337164750958
Validation Loss: 0.0022332284427527146, Accuracy: 0.9048931771192281
Epoch:1
Train Loss: 0.0021881233994988187, Accuracy: 0.8978544061302682
Validation Loss: 0.0021592106472451797, Accuracy: 0.9042039972432805
Epoch:2
Train Loss: 0.0021430988615500058, Accuracy: 0.8985440613026819
Validation Loss: 0.0020498221779921234, Accuracy: 0.9021364576154376
Epoch:3
Train Loss: 0.002054165294572311, Accuracy: 0.8989272030651341
Validation Loss: 0.0019525149253053881, Accuracy: 0.90144727773949
Epoch:4
Train Loss: 0.0020740544487690103, Accuracy: 0.8989272030651341
Validation Loss: 0.002118991129485432, Accuracy: 0.9035148173673329
Testing Loss: 0.009442777573946947, Accuracy: 0.3659244917715392
Epoch:0
Train Loss: 0.0024402697001837223, Accuracy: 0.8955555555555555
Validation Loss: 0.0022150205177409663, Accuracy: 0.9090282563749138
Epoch:1
Train Loss: 0.0021501281126705624, Accuracy: 0.8990038314176245
Validation Loss: 0.0021915494122232426, Accuracy: 0.9076498966230186
Epoch:2
Train Loss: 0.002100025427980898, Accuracy: 0.8954789272030651
Validation Loss: 0.0020631191074889253, Accuracy: 0.9090282563749138
Epoch:3
Train Loss: 0.002155440793411942, Accuracy: 0.8984674329501916
Validation Loss: 0.00227005717098754, Accuracy: 0.9062715368711234
Epoch:4
Train Loss: 0.0021086024861226137, Accuracy: 0.8977011494252873
Validation Loss: 0.0019096536709471952, Accuracy: 0.9035148173673329
Testing Loss: 0.014282314714480692, Accuracy: 0.23850435624394967
Epoch:0
Train Loss: 0.0020840893874223207, Accuracy: 0.8969348659003832
Validation Loss: 0.0022448470763384598, Accuracy: 0.8945554789800138
Epoch:1
Train Loss: 0.0020396450493070815, Accuracy: 0.8979310344827586
Validation Loss: 0.002135334458127669, Accuracy: 0.9000689179875948
Epoch:2
Train Loss: 0.0020812827599916424, Accuracy: 0.8942528735632184
Validation Loss: 0.002220579246501936, Accuracy: 0.895933838731909
Epoch:3
Train Loss: 0.0020400515769633297, Accuracy: 0.8990038314176245
Validation Loss: 0.00228758276453682, Accuracy: 0.8966230186078566
Epoch:4
Train Loss: 0.002038738637363317, Accuracy: 0.8972413793103449
Validation Loss: 0.002497399945985359, Accuracy: 0.8931771192281185
Testing Loss: 0.012784495387165036, Accuracy: 0.24794288480154889
Epoch:0
Train Loss: 0.0019984531493936007, Accuracy: 0.8977011494252873
Validation Loss: 0.002115391867477922, Accuracy: 0.8842177808407995
Epoch:1
Train Loss: 0.0019627206078891095, Accuracy: 0.8999233716475096
Validation Loss: 0.002241522720729294, Accuracy: 0.8807718814610613
Epoch:2
Train Loss: 0.0019538768897568127, Accuracy: 0.8980842911877395
Validation Loss: 0.002138572354139253, Accuracy: 0.8855961405926946
Epoch:3
Train Loss: 0.0019954284546019017, Accuracy: 0.8996168582375479
Validation Loss: 0.0021659342134352144, Accuracy: 0.8842177808407995
Epoch:4
Train Loss: 0.0020373492993385855, Accuracy: 0.9000766283524905
Validation Loss: 0.0024987505498546966, Accuracy: 0.8752584424534804
Testing Loss: 0.020670888903988067, Accuracy: 0.2239835430784124
Epoch:0
Train Loss: 0.0019658941829798324, Accuracy: 0.8975478927203066
Validation Loss: 0.0020756148453994427, Accuracy: 0.9000689179875948
Epoch:1
Train Loss: 0.0018678696961695208, Accuracy: 0.8998467432950191
Validation Loss: 0.0019418702587269653, Accuracy: 0.9097174362508614
Epoch:2
Train Loss: 0.0019873724586662203, Accuracy: 0.8992337164750958
Validation Loss: 0.0021718716945917666, Accuracy: 0.9028256374913852
Epoch:3
Train Loss: 0.0019407193779488632, Accuracy: 0.8983908045977012
Validation Loss: 0.0020682381030857604, Accuracy: 0.9007580978635424
Epoch:4
Train Loss: 0.0019134153088847339, Accuracy: 0.9013793103448275
Validation Loss: 0.0020418888654978335, Accuracy: 0.9007580978635424
Testing Loss: 0.01869976292621247, Accuracy: 0.2346321393998064
Testing Loss: 0.01869976292621247, Accuracy: 0.2346321393998064
{'train': {'loss': [0.006770774521133452, 0.0032818610549429825, 0.003232225487972128, 0.0032194154335621217, 0.0032106521577213915, 0.003077891571768399, 0.002758486412494119, 0.0026228918163712454, 0.0026978740038999653, 0.0025950131984962812, 0.0031401816181752876, 0.0025855466506490305, 0.0024616280152423174, 0.0023975691598950677, 0.0023861984503223523, 0.0023641821593617116, 0.002253836345398563, 0.0023721947877799873, 0.002234869720378598, 0.002215391547058734, 0.002418335564291797, 0.0024184282860536684, 0.002347004893182338, 0.002370956779896528, 0.002335986966602647, 0.0022196553127975757, 0.0021881233994988187, 0.0021430988615500058, 0.002054165294572311, 0.0020740544487690103, 0.0024402697001837223, 0.0021501281126705624, 0.002100025427980898, 0.002155440793411942, 0.0021086024861226137, 0.0020840893874223207, 0.0020396450493070815, 0.0020812827599916424, 0.0020400515769633297, 0.002038738637363317, 0.0019984531493936007, 0.0019627206078891095, 0.0019538768897568127, 0.0019954284546019017, 0.0020373492993385855, 0.0019658941829798324, 0.0018678696961695208, 0.0019873724586662203, 0.0019407193779488632, 0.0019134153088847339], 'acc': [0.7802298850574713, 0.8584674329501916, 0.8584674329501916, 0.8584674329501916, 0.8584674329501916, 0.8638314176245211, 0.8853639846743295, 0.8904980842911877, 0.8842145593869731, 0.8905747126436782, 0.8606130268199234, 0.8899616858237548, 0.8963218390804598, 0.8996168582375479, 0.8996934865900383, 0.8999233716475096, 0.8993869731800767, 0.8972413793103449, 0.898007662835249, 0.8971647509578544, 0.8967816091954023, 0.8967816091954023, 0.8977011494252873, 0.8993869731800767, 0.8978544061302682, 0.8992337164750958, 0.8978544061302682, 0.8985440613026819, 0.8989272030651341, 0.8989272030651341, 0.8955555555555555, 0.8990038314176245, 0.8954789272030651, 0.8984674329501916, 0.8977011494252873, 0.8969348659003832, 0.8979310344827586, 0.8942528735632184, 0.8990038314176245, 0.8972413793103449, 0.8977011494252873, 0.8999233716475096, 0.8980842911877395, 0.8996168582375479, 0.9000766283524905, 0.8975478927203066, 0.8998467432950191, 0.8992337164750958, 0.8983908045977012, 0.9013793103448275]}, 'val': {'loss': [0.003480308718060231, 0.0033811241039155187, 0.003400748471076697, 0.003344777255202884, 0.003338533401653571, 0.003244004789341901, 0.003082576617957969, 0.003013717335392737, 0.0030738134001305315, 0.002948110100320912, 0.003174927997063309, 0.003270000250153834, 0.002889900526698091, 0.0029402756633469355, 0.0028538344483142225, 0.0027109008772795485, 0.0025009611591974017, 0.0024880405276664613, 0.002341196875503193, 0.0024647269369732668, 0.002595224960108283, 0.0025964753842205937, 0.0025550912036146484, 0.00263577459353073, 0.002453762516738792, 0.0022332284427527146, 0.0021592106472451797, 0.0020498221779921234, 0.0019525149253053881, 0.002118991129485432, 0.0022150205177409663, 0.0021915494122232426, 0.0020631191074889253, 0.00227005717098754, 0.0019096536709471952, 0.0022448470763384598, 0.002135334458127669, 0.002220579246501936, 0.00228758276453682, 0.002497399945985359, 0.002115391867477922, 0.002241522720729294, 0.002138572354139253, 0.0021659342134352144, 0.0024987505498546966, 0.0020756148453994427, 0.0019418702587269653, 0.0021718716945917666, 0.0020682381030857604, 0.0020418888654978335], 'acc': [0.8635423845623708, 0.8635423845623708, 0.8635423845623708, 0.8635423845623708, 0.8635423845623708, 0.8676774638180565, 0.8766368022053757, 0.8766368022053757, 0.8731909028256375, 0.8800827015851137, 0.8683666436940042, 0.8697450034458993, 0.8828394210889042, 0.8793935217091661, 0.8869745003445899, 0.8835286009648519, 0.892487939352171, 0.8966230186078566, 0.8931771192281185, 0.8807718814610613, 0.8911095796002757, 0.8890420399724328, 0.8945554789800138, 0.8855961405926946, 0.8938662991040661, 0.9048931771192281, 0.9042039972432805, 0.9021364576154376, 0.90144727773949, 0.9035148173673329, 0.9090282563749138, 0.9076498966230186, 0.9090282563749138, 0.9062715368711234, 0.9035148173673329, 0.8945554789800138, 0.9000689179875948, 0.895933838731909, 0.8966230186078566, 0.8931771192281185, 0.8842177808407995, 0.8807718814610613, 0.8855961405926946, 0.8842177808407995, 0.8752584424534804, 0.9000689179875948, 0.9097174362508614, 0.9028256374913852, 0.9007580978635424, 0.9007580978635424]}, 'test': {'loss': [0.010349283851358575, 0.007565420975643575, 0.012316011923788131, 0.011090291954310104, 0.017254265384083218, 0.009442777573946947, 0.014282314714480692, 0.012784495387165036, 0.020670888903988067, 0.01869976292621247, 0.01869976292621247], 'acc': [0.33470474346563406, 0.6568247821878025, 0.2456437560503388, 0.2451597289448209, 0.2388673765730881, 0.3659244917715392, 0.23850435624394967, 0.24794288480154889, 0.2239835430784124, 0.2346321393998064, 0.2346321393998064]}}
