Testing Loss: 0.010349283851358575, Accuracy: 0.33470474346563406
Epoch:0
Train Loss: 0.005042516985449044, Accuracy: 0.5927499190035639
Validation Loss: 0.0048064425187007405, Accuracy: 0.5989633948817622
Epoch:1
Train Loss: 0.0043989008976421965, Accuracy: 0.6729543900068397
Validation Loss: 0.004594017926797845, Accuracy: 0.6183997408487204
Epoch:2
Train Loss: 0.0043485360306236825, Accuracy: 0.6803340653011267
Validation Loss: 0.004367735583225346, Accuracy: 0.685131195335277
Epoch:3
Train Loss: 0.0042785444498757335, Accuracy: 0.6953454048021886
Validation Loss: 0.006905171355268196, Accuracy: 0.6154842889536767
Epoch:4
Train Loss: 0.004239902368048114, Accuracy: 0.6979012923431369
Validation Loss: 0.0044600810284826185, Accuracy: 0.6637512147716229
Testing Loss: 0.007565420975643575, Accuracy: 0.6568247821878025
Epoch:0
Train Loss: 0.004302027769079133, Accuracy: 0.6916375679470104
Validation Loss: 0.004589825646561406, Accuracy: 0.6575963718820862
Epoch:1
Train Loss: 0.003909300233741108, Accuracy: 0.7464631556211526
Validation Loss: 0.0036764467924900878, Accuracy: 0.7810171687722708
Epoch:2
Train Loss: 0.0038782335876015248, Accuracy: 0.7393354692393534
Validation Loss: 0.004352752622524665, Accuracy: 0.6825396825396826
Epoch:3
Train Loss: 0.0037294602032772704, Accuracy: 0.7591345980776846
Validation Loss: 0.005163217058141601, Accuracy: 0.6070618723679948
Epoch:4
Train Loss: 0.0041505098417994055, Accuracy: 0.716404478202959
Validation Loss: 0.004090936150333045, Accuracy: 0.7602850664075154
Testing Loss: 0.012316011923788131, Accuracy: 0.2456437560503388
Epoch:0
Train Loss: 0.004237200775561543, Accuracy: 0.6958493826271644
Validation Loss: 0.0054969675416578784, Accuracy: 0.5668934240362812
Epoch:1
Train Loss: 0.004238228990551102, Accuracy: 0.6902336297202923
Validation Loss: 0.004015505806234302, Accuracy: 0.7359896339488177
Epoch:2
Train Loss: 0.004295276861270786, Accuracy: 0.689801648727456
Validation Loss: 0.004004693674276591, Accuracy: 0.7337220602526725
Epoch:3
Train Loss: 0.004503278310846753, Accuracy: 0.6840419021563051
Validation Loss: 0.006860369418792675, Accuracy: 0.6540330417881438
Epoch:4
Train Loss: 0.005085334543867869, Accuracy: 0.6036574390726808
Validation Loss: 0.005068171534060969, Accuracy: 0.6456106252024619
Testing Loss: 0.011090291954310104, Accuracy: 0.2451597289448209
Epoch:0
Train Loss: 0.004268991928774928, Accuracy: 0.6956333921307463
Validation Loss: 0.003986832815194385, Accuracy: 0.7615808228053126
Epoch:1
Train Loss: 0.003618465751326922, Accuracy: 0.7763058425429281
Validation Loss: 0.0035529659332717784, Accuracy: 0.7998056365403304
Epoch:2
Train Loss: 0.003328843024485595, Accuracy: 0.8023326973613161
Validation Loss: 0.003410530159841821, Accuracy: 0.7845804988662132
Epoch:3
Train Loss: 0.003410839635175155, Accuracy: 0.7992368335793225
Validation Loss: 0.00455670373934853, Accuracy: 0.7405247813411079
Epoch:4
Train Loss: 0.003416594745891476, Accuracy: 0.7989128478346953
Validation Loss: 0.003582254993440574, Accuracy: 0.7858762552640104
Testing Loss: 0.017254265384083218, Accuracy: 0.2388673765730881
Epoch:0
Train Loss: 0.0040477871478575905, Accuracy: 0.721228265956298
Validation Loss: 0.003948010197726893, Accuracy: 0.7301587301587301
Epoch:1
Train Loss: 0.0036643824009929826, Accuracy: 0.7660822923791353
Validation Loss: 0.0034547631683417577, Accuracy: 0.8062844185293165
Epoch:2
Train Loss: 0.0035556351577640415, Accuracy: 0.7822095827783577
Validation Loss: 0.005399510356110974, Accuracy: 0.6090055069646907
Epoch:3
Train Loss: 0.003935327537181057, Accuracy: 0.7404154217214443
Validation Loss: 0.004846181313814683, Accuracy: 0.7123420796890184
Epoch:4
Train Loss: 0.003284210275690071, Accuracy: 0.8060405342164945
Validation Loss: 0.00330552977190305, Accuracy: 0.8179462261094914
Testing Loss: 0.009442777573946947, Accuracy: 0.3659244917715392
Epoch:0
Train Loss: 0.0038769435474246827, Accuracy: 0.7490190431621009
Validation Loss: 0.003901129252400103, Accuracy: 0.7661159701976028
Epoch:1
Train Loss: 0.003574672460538865, Accuracy: 0.7733539724252133
Validation Loss: 0.0032084358908576337, Accuracy: 0.8241010689990281
Epoch:2
Train Loss: 0.0033746926677403395, Accuracy: 0.7853774433924907
Validation Loss: 0.005430861665548381, Accuracy: 0.7094266277939747
Epoch:3
Train Loss: 0.003944524543632711, Accuracy: 0.7459591777961769
Validation Loss: 0.0033509927368256744, Accuracy: 0.8140589569160998
Epoch:4
Train Loss: 0.0034490129892808226, Accuracy: 0.7925051297742899
Validation Loss: 0.00932247288450285, Accuracy: 0.6112730806608357
Testing Loss: 0.014282314714480692, Accuracy: 0.23850435624394967
Epoch:0
Train Loss: 0.003192619396348619, Accuracy: 0.8083804312610245
Validation Loss: 0.0032604755824694248, Accuracy: 0.8101716877227081
Epoch:1
Train Loss: 0.0030133467789324585, Accuracy: 0.8175600273587962
Validation Loss: 0.0027430272861171164, Accuracy: 0.8425655976676385
Epoch:2
Train Loss: 0.0028698246516648067, Accuracy: 0.8284315490118435
Validation Loss: 0.0031338243334664857, Accuracy: 0.8085519922254616
Epoch:3
Train Loss: 0.0030000893226593875, Accuracy: 0.821915835703229
Validation Loss: 0.0035564160227273558, Accuracy: 0.8091998704243603
Epoch:4
Train Loss: 0.0031096816498498827, Accuracy: 0.8169120558695417
Validation Loss: 0.003039598127071009, Accuracy: 0.8253968253968254
Testing Loss: 0.012784495387165036, Accuracy: 0.24794288480154889
Epoch:0
Train Loss: 0.0030307737177256576, Accuracy: 0.8179200115194931
Validation Loss: 0.0029918482514465746, Accuracy: 0.8373825720764496
Epoch:1
Train Loss: 0.003021527798516802, Accuracy: 0.8222398214478563
Validation Loss: 0.0029613776117379817, Accuracy: 0.8286362163913185
Epoch:2
Train Loss: 0.002972477041296209, Accuracy: 0.8288635300046798
Validation Loss: 0.0031551712726287794, Accuracy: 0.8321995464852607
Epoch:3
Train Loss: 0.0029084188541448884, Accuracy: 0.8330033478526945
Validation Loss: 0.0033493312790743696, Accuracy: 0.8046647230320699
Epoch:4
Train Loss: 0.002866495635752467, Accuracy: 0.8372151625328486
Validation Loss: 0.003299759580821021, Accuracy: 0.8205377389050859
Testing Loss: 0.020670888903988067, Accuracy: 0.2239835430784124
Epoch:0
Train Loss: 0.0028919380357599425, Accuracy: 0.8320313906188128
Validation Loss: 0.0028631741951536814, Accuracy: 0.8393262066731455
Epoch:1
Train Loss: 0.002788489393120412, Accuracy: 0.8382591165988696
Validation Loss: 0.0031541629848566726, Accuracy: 0.8140589569160998
Epoch:2
Train Loss: 0.0027749476524334695, Accuracy: 0.839627056409518
Validation Loss: 0.0028907156874919578, Accuracy: 0.8360868156786524
Epoch:3
Train Loss: 0.0029506696186096916, Accuracy: 0.83235537636344
Validation Loss: 0.003955940135211901, Accuracy: 0.7622287010042113
Epoch:4
Train Loss: 0.0029634839751438145, Accuracy: 0.8349112639043882
Validation Loss: 0.0030651802301484093, Accuracy: 0.8276643990929705
Testing Loss: 0.01869976292621247, Accuracy: 0.2346321393998064
Testing Loss: 0.01869976292621247, Accuracy: 0.2346321393998064
{'train': {'loss': [0.005042516985449044, 0.0043989008976421965, 0.0043485360306236825, 0.0042785444498757335, 0.004239902368048114, 0.004302027769079133, 0.003909300233741108, 0.0038782335876015248, 0.0037294602032772704, 0.0041505098417994055, 0.004237200775561543, 0.004238228990551102, 0.004295276861270786, 0.004503278310846753, 0.005085334543867869, 0.004268991928774928, 0.003618465751326922, 0.003328843024485595, 0.003410839635175155, 0.003416594745891476, 0.0040477871478575905, 0.0036643824009929826, 0.0035556351577640415, 0.003935327537181057, 0.003284210275690071, 0.0038769435474246827, 0.003574672460538865, 0.0033746926677403395, 0.003944524543632711, 0.0034490129892808226, 0.003192619396348619, 0.0030133467789324585, 0.0028698246516648067, 0.0030000893226593875, 0.0031096816498498827, 0.0030307737177256576, 0.003021527798516802, 0.002972477041296209, 0.0029084188541448884, 0.002866495635752467, 0.0028919380357599425, 0.002788489393120412, 0.0027749476524334695, 0.0029506696186096916, 0.0029634839751438145], 'acc': [0.5927499190035639, 0.6729543900068397, 0.6803340653011267, 0.6953454048021886, 0.6979012923431369, 0.6916375679470104, 0.7464631556211526, 0.7393354692393534, 0.7591345980776846, 0.716404478202959, 0.6958493826271644, 0.6902336297202923, 0.689801648727456, 0.6840419021563051, 0.6036574390726808, 0.6956333921307463, 0.7763058425429281, 0.8023326973613161, 0.7992368335793225, 0.7989128478346953, 0.721228265956298, 0.7660822923791353, 0.7822095827783577, 0.7404154217214443, 0.8060405342164945, 0.7490190431621009, 0.7733539724252133, 0.7853774433924907, 0.7459591777961769, 0.7925051297742899, 0.8083804312610245, 0.8175600273587962, 0.8284315490118435, 0.821915835703229, 0.8169120558695417, 0.8179200115194931, 0.8222398214478563, 0.8288635300046798, 0.8330033478526945, 0.8372151625328486, 0.8320313906188128, 0.8382591165988696, 0.839627056409518, 0.83235537636344, 0.8349112639043882]}, 'val': {'loss': [0.0048064425187007405, 0.004594017926797845, 0.004367735583225346, 0.006905171355268196, 0.0044600810284826185, 0.004589825646561406, 0.0036764467924900878, 0.004352752622524665, 0.005163217058141601, 0.004090936150333045, 0.0054969675416578784, 0.004015505806234302, 0.004004693674276591, 0.006860369418792675, 0.005068171534060969, 0.003986832815194385, 0.0035529659332717784, 0.003410530159841821, 0.00455670373934853, 0.003582254993440574, 0.003948010197726893, 0.0034547631683417577, 0.005399510356110974, 0.004846181313814683, 0.00330552977190305, 0.003901129252400103, 0.0032084358908576337, 0.005430861665548381, 0.0033509927368256744, 0.00932247288450285, 0.0032604755824694248, 0.0027430272861171164, 0.0031338243334664857, 0.0035564160227273558, 0.003039598127071009, 0.0029918482514465746, 0.0029613776117379817, 0.0031551712726287794, 0.0033493312790743696, 0.003299759580821021, 0.0028631741951536814, 0.0031541629848566726, 0.0028907156874919578, 0.003955940135211901, 0.0030651802301484093], 'acc': [0.5989633948817622, 0.6183997408487204, 0.685131195335277, 0.6154842889536767, 0.6637512147716229, 0.6575963718820862, 0.7810171687722708, 0.6825396825396826, 0.6070618723679948, 0.7602850664075154, 0.5668934240362812, 0.7359896339488177, 0.7337220602526725, 0.6540330417881438, 0.6456106252024619, 0.7615808228053126, 0.7998056365403304, 0.7845804988662132, 0.7405247813411079, 0.7858762552640104, 0.7301587301587301, 0.8062844185293165, 0.6090055069646907, 0.7123420796890184, 0.8179462261094914, 0.7661159701976028, 0.8241010689990281, 0.7094266277939747, 0.8140589569160998, 0.6112730806608357, 0.8101716877227081, 0.8425655976676385, 0.8085519922254616, 0.8091998704243603, 0.8253968253968254, 0.8373825720764496, 0.8286362163913185, 0.8321995464852607, 0.8046647230320699, 0.8205377389050859, 0.8393262066731455, 0.8140589569160998, 0.8360868156786524, 0.7622287010042113, 0.8276643990929705]}, 'test': {'loss': [0.010349283851358575, 0.007565420975643575, 0.012316011923788131, 0.011090291954310104, 0.017254265384083218, 0.009442777573946947, 0.014282314714480692, 0.012784495387165036, 0.020670888903988067, 0.01869976292621247, 0.01869976292621247], 'acc': [0.33470474346563406, 0.6568247821878025, 0.2456437560503388, 0.2451597289448209, 0.2388673765730881, 0.3659244917715392, 0.23850435624394967, 0.24794288480154889, 0.2239835430784124, 0.2346321393998064, 0.2346321393998064]}}
